<?xml version="1.0" encoding="UTF-8"?>
<!-- Generated by org.testng.reporters.JUnitReportReporter -->
<testsuite hostname="DELL" failures="0" tests="1" name="BddFramewok.BddFramewok.AppTest" time="0.011" errors="0" timestamp="2022-12-17T23:45:19 IST" skipped="0">
  <testcase classname="BddFramewok.BddFramewok.AppTest" name="shouldAnswerWithTrue" time="0.011"/>
  <system-out/>
</testsuite> <!-- BddFramewok.BddFramewok.AppTest -->
